c:\vsprojects\meshsubdivision\release\vc140.pdb
c:\vsprojects\meshsubdivision\release\wireframeshape.obj
c:\vsprojects\meshsubdivision\release\question1.obj
c:\vsprojects\meshsubdivision\release\point.obj
c:\vsprojects\meshsubdivision\release\petersreiff.obj
c:\vsprojects\meshsubdivision\release\meshdata.obj
c:\vsprojects\meshsubdivision\release\filledshape.obj
c:\vsprojects\meshsubdivision\release\mesh.obj
c:\vsprojects\meshsubdivision\release\main.obj
c:\vsprojects\meshsubdivision\release\loop.obj
c:\vsprojects\meshsubdivision\release\kobbeltroot3.obj
c:\vsprojects\meshsubdivision\release\doosabin.obj
c:\vsprojects\meshsubdivision\release\catmullclark.obj
c:\vsprojects\meshsubdivision\release\butterfly.obj
c:\vsprojects\meshsubdivision\release\algorunner.obj
c:\vsprojects\meshsubdivision\release\meshsubdivision.exe
c:\vsprojects\meshsubdivision\release\meshsubdivision.ipdb
c:\vsprojects\meshsubdivision\release\meshsubdivision.iobj
c:\vsprojects\meshsubdivision\release\meshsubdivision.pdb
c:\vsprojects\meshsubdivision\release\meshsubdivision.tlog\cl.command.1.tlog
c:\vsprojects\meshsubdivision\release\meshsubdivision.tlog\cl.read.1.tlog
c:\vsprojects\meshsubdivision\release\meshsubdivision.tlog\cl.write.1.tlog
c:\vsprojects\meshsubdivision\release\meshsubdivision.tlog\link.command.1.tlog
c:\vsprojects\meshsubdivision\release\meshsubdivision.tlog\link.read.1.tlog
c:\vsprojects\meshsubdivision\release\meshsubdivision.tlog\link.write.1.tlog
